<?xml version="1.0" encoding="UTF-8"?>
<testsuite name="com.pedroaugust8.usercrud.UserRestTest" tests="2" skipped="0" failures="0" errors="0" timestamp="2017-05-10T23:20:43" hostname="Pedros-MacBook-Air.local" time="0.956">
  <properties/>
  <testcase name="list" classname="com.pedroaugust8.usercrud.UserRestTest" time="0.891"/>
  <testcase name="save" classname="com.pedroaugust8.usercrud.UserRestTest" time="0.064"/>
  <system-out><![CDATA[]]></system-out>
  <system-err><![CDATA[]]></system-err>
</testsuite>
