<?xml version="1.0" encoding="UTF-8"?>
<testsuite name="com.pedroaugust8.usercrud.UserRestTest" tests="2" skipped="0" failures="0" errors="0" timestamp="2017-05-08T18:49:47" hostname="N177" time="0.961">
  <properties/>
  <testcase name="list" classname="com.pedroaugust8.usercrud.UserRestTest" time="0.932"/>
  <testcase name="save" classname="com.pedroaugust8.usercrud.UserRestTest" time="0.029"/>
  <system-out><![CDATA[]]></system-out>
  <system-err><![CDATA[]]></system-err>
</testsuite>
